<?xml version="1.0" encoding="UTF-8"?>
<!-- Generated by org.testng.reporters.JUnitXMLReporter -->
<testsuite ignored="0" hostname="LAPTOP-2D27B82A" failures="0" tests="3" name="Default test" time="87.466" errors="0" timestamp="2026-04-21T12:49:16 IST">
  <testcase classname="tests.LoginTest" name="loginTest" time="47.644"/>
  <testcase classname="tests.LoginTest" name="loginTest" time="5.819"/>
  <testcase classname="tests.LoginTest" name="loginTest" time="4.044"/>
</testsuite> <!-- Default test -->
