<?xml version="1.0" encoding="UTF-8"?>
<testng-results ignored="0" total="1" passed="1" failed="0" skipped="0">
  <reporter-output>
  </reporter-output>
  <suite started-at="2026-04-21T16:06:23 IST" name="Default suite" finished-at="2026-04-21T16:06:54 IST" duration-ms="30994">
    <groups>
    </groups>
    <test started-at="2026-04-21T16:06:23 IST" name="Default test" finished-at="2026-04-21T16:06:54 IST" duration-ms="30994">
      <class name="tests.AlertsTest">
        <test-method is-config="true" signature="setup()[pri:0, instance:tests.AlertsTest@6025e1b6]" started-at="2026-04-21T16:06:23 IST" name="setup" finished-at="2026-04-21T16:06:25 IST" duration-ms="2182" status="PASS">
          <reporter-output>
          </reporter-output>
        </test-method> <!-- setup -->
        <test-method is-config="true" signature="init()[pri:0, instance:tests.AlertsTest@6025e1b6]" started-at="2026-04-21T16:06:25 IST" name="init" finished-at="2026-04-21T16:06:34 IST" duration-ms="8991" status="PASS">
          <reporter-output>
          </reporter-output>
        </test-method> <!-- init -->
        <test-method signature="testCookieAlertAndHomeNavigation()[pri:0, instance:tests.AlertsTest@6025e1b6]" started-at="2026-04-21T16:06:34 IST" name="testCookieAlertAndHomeNavigation" finished-at="2026-04-21T16:06:53 IST" duration-ms="19060" status="PASS">
          <reporter-output>
          </reporter-output>
        </test-method> <!-- testCookieAlertAndHomeNavigation -->
        <test-method is-config="true" signature="tearDown()[pri:0, instance:tests.AlertsTest@6025e1b6]" started-at="2026-04-21T16:06:53 IST" name="tearDown" finished-at="2026-04-21T16:06:54 IST" duration-ms="724" status="PASS">
          <reporter-output>
          </reporter-output>
        </test-method> <!-- tearDown -->
      </class> <!-- tests.AlertsTest -->
    </test> <!-- Default test -->
  </suite> <!-- Default suite -->
</testng-results>
