<?xml version="1.0" encoding="UTF-8"?>
<testng-results ignored="0" total="3" passed="3" failed="0" skipped="0">
  <reporter-output>
  </reporter-output>
  <suite started-at="2026-04-21T12:47:48 IST" name="Default suite" finished-at="2026-04-21T12:49:16 IST" duration-ms="87466">
    <groups>
    </groups>
    <test started-at="2026-04-21T12:47:48 IST" name="Default test" finished-at="2026-04-21T12:49:16 IST" duration-ms="87466">
      <class name="tests.LoginTest">
        <test-method is-config="true" signature="setup()[pri:0, instance:tests.LoginTest@217ed35e]" started-at="2026-04-21T12:47:49 IST" name="setup" finished-at="2026-04-21T12:47:57 IST" duration-ms="8125" status="PASS">
          <reporter-output>
          </reporter-output>
        </test-method> <!-- setup -->
        <test-method signature="loginTest(java.lang.String,java.lang.String,java.lang.String)[pri:0, instance:tests.LoginTest@217ed35e]" started-at="2026-04-21T12:47:57 IST" name="loginTest" data-provider="loginData" finished-at="2026-04-21T12:48:44 IST" duration-ms="47644" status="PASS">
          <params>
            <param index="0">
              <value>
                <![CDATA[practice]]>
              </value>
            </param>
            <param index="1">
              <value>
                <![CDATA[SuperSecretPassword!]]>
              </value>
            </param>
            <param index="2">
              <value>
                <![CDATA[valid]]>
              </value>
            </param>
          </params>
          <reporter-output>
          </reporter-output>
        </test-method> <!-- loginTest -->
        <test-method is-config="true" signature="tearDown()[pri:0, instance:tests.LoginTest@217ed35e]" started-at="2026-04-21T12:48:44 IST" name="tearDown" finished-at="2026-04-21T12:48:45 IST" duration-ms="485" status="PASS">
          <reporter-output>
          </reporter-output>
        </test-method> <!-- tearDown -->
        <test-method is-config="true" signature="setup()[pri:0, instance:tests.LoginTest@217ed35e]" started-at="2026-04-21T12:48:45 IST" name="setup" finished-at="2026-04-21T12:48:50 IST" duration-ms="5485" status="PASS">
          <reporter-output>
          </reporter-output>
        </test-method> <!-- setup -->
        <test-method signature="loginTest(java.lang.String,java.lang.String,java.lang.String)[pri:0, instance:tests.LoginTest@217ed35e]" started-at="2026-04-21T12:48:50 IST" name="loginTest" data-provider="loginData" finished-at="2026-04-21T12:48:56 IST" duration-ms="5819" status="PASS">
          <params>
            <param index="0">
              <value>
                <![CDATA[practice]]>
              </value>
            </param>
            <param index="1">
              <value>
                <![CDATA[wrong123]]>
              </value>
            </param>
            <param index="2">
              <value>
                <![CDATA[invalid]]>
              </value>
            </param>
          </params>
          <reporter-output>
          </reporter-output>
        </test-method> <!-- loginTest -->
        <test-method is-config="true" signature="tearDown()[pri:0, instance:tests.LoginTest@217ed35e]" started-at="2026-04-21T12:48:56 IST" name="tearDown" finished-at="2026-04-21T12:48:56 IST" duration-ms="215" status="PASS">
          <reporter-output>
          </reporter-output>
        </test-method> <!-- tearDown -->
        <test-method is-config="true" signature="setup()[pri:0, instance:tests.LoginTest@217ed35e]" started-at="2026-04-21T12:48:56 IST" name="setup" finished-at="2026-04-21T12:49:11 IST" duration-ms="14795" status="PASS">
          <reporter-output>
          </reporter-output>
        </test-method> <!-- setup -->
        <test-method signature="loginTest(java.lang.String,java.lang.String,java.lang.String)[pri:0, instance:tests.LoginTest@217ed35e]" started-at="2026-04-21T12:49:11 IST" name="loginTest" data-provider="loginData" finished-at="2026-04-21T12:49:15 IST" duration-ms="4044" status="PASS">
          <params>
            <param index="0">
              <value is-null="true"/>
            </param>
            <param index="1">
              <value is-null="true"/>
            </param>
            <param index="2">
              <value is-null="true"/>
            </param>
          </params>
          <reporter-output>
          </reporter-output>
        </test-method> <!-- loginTest -->
        <test-method is-config="true" signature="tearDown()[pri:0, instance:tests.LoginTest@217ed35e]" started-at="2026-04-21T12:49:15 IST" name="tearDown" finished-at="2026-04-21T12:49:16 IST" duration-ms="317" status="PASS">
          <reporter-output>
          </reporter-output>
        </test-method> <!-- tearDown -->
      </class> <!-- tests.LoginTest -->
    </test> <!-- Default test -->
  </suite> <!-- Default suite -->
</testng-results>
