<?xml version="1.0" encoding="UTF-8"?>
<!-- Generated by org.testng.reporters.JUnitXMLReporter -->
<testsuite ignored="0" hostname="LAPTOP-2D27B82A" failures="0" tests="3" name="Login Module Tests" time="124.695" errors="0" timestamp="2026-04-21T13:40:33 IST">
  <testcase classname="tests.LoginTest" name="loginTest" time="52.905"/>
  <testcase classname="tests.LoginTest" name="loginTest" time="46.262"/>
  <testcase classname="tests.LoginTest" name="loginTest" time="6.42"/>
</testsuite> <!-- Login Module Tests -->
