<?xml version="1.0" encoding="UTF-8"?>
<!-- Generated by org.testng.reporters.JUnitReportReporter -->
<testsuite hostname="LAPTOP-2D27B82A" failures="0" tests="3" name="tests.LoginTest" time="86.929" errors="0" timestamp="2026-04-21T12:49:16 IST" skipped="0">
  <testcase classname="tests.LoginTest" name="loginTest" time="11.621"/>
  <testcase classname="tests.LoginTest" name="loginTest" time="56.254"/>
  <testcase classname="tests.LoginTest" name="loginTest" time="19.054"/>
</testsuite> <!-- tests.LoginTest -->
