<?xml version="1.0" encoding="UTF-8"?>
<!-- Generated by org.testng.reporters.JUnitReportReporter -->
<testsuite hostname="LAPTOP-2D27B82A" failures="0" tests="3" name="tests.LoginTest" time="68.351" errors="0" timestamp="2026-04-21T13:43:33 IST" skipped="0">
  <testcase classname="tests.LoginTest" name="loginTest" time="11.781"/>
  <testcase classname="tests.LoginTest" name="loginTest" time="45.131"/>
  <testcase classname="tests.LoginTest" name="loginTest" time="11.439"/>
</testsuite> <!-- tests.LoginTest -->
